<?xml version="1.0" encoding="UTF-8"?>
<!-- Generated by org.testng.reporters.JUnitXMLReporter -->
<testsuite hostname="VDDP35X-98GU9EX" ignored="0" name="Test" tests="5" failures="0" timestamp="29 Apr 2019 10:53:37 GMT" time="181.021" errors="0">
  <testcase name="googleTest1" time="2.884" classname="com.docker.tests.GoogleTest"/>
  <testcase name="googleTest2" time="3.748" classname="com.docker.tests.GoogleTest"/>
  <testcase name="googleTest3" time="6.798" classname="com.docker.tests.GoogleTest"/>
  <testcase name="googleTest4" time="6.9" classname="com.docker.tests.GoogleTest"/>
  <testcase name="googleTest5" time="8.577" classname="com.docker.tests.GoogleTest"/>
</testsuite> <!-- Test -->
