<?xml version="1.0" encoding="UTF-8"?>
<testng-results skipped="0" failed="0" ignored="0" total="5" passed="5">
  <reporter-output>
  </reporter-output>
  <suite name="Suite" duration-ms="77255" started-at="2019-05-22T11:34:54Z" finished-at="2019-05-22T11:36:11Z">
    <groups>
    </groups>
    <test name="GoogleTests" duration-ms="77255" started-at="2019-05-22T11:34:54Z" finished-at="2019-05-22T11:36:11Z">
      <class name="com.docker.tests.GoogleTest">
        <test-method status="PASS" signature="setUp(org.testng.ITestContext)[pri:0, instance:com.docker.tests.GoogleTest@3c5a99da]" name="setUp" is-config="true" duration-ms="53114" started-at="2019-05-22T11:34:54Z" finished-at="2019-05-22T11:35:47Z">
          <params>
            <param index="0">
              <value>
                <![CDATA[org.testng.TestRunner@4efc180e]]>
              </value>
            </param>
          </params>
          <reporter-output>
          </reporter-output>
        </test-method> <!-- setUp -->
        <test-method status="PASS" signature="googleTest1()[pri:0, instance:com.docker.tests.GoogleTest@3c5a99da]" name="googleTest1" duration-ms="3019" started-at="2019-05-22T11:35:47Z" finished-at="2019-05-22T11:35:50Z">
          <reporter-output>
          </reporter-output>
        </test-method> <!-- googleTest1 -->
        <test-method status="PASS" signature="setUp(org.testng.ITestContext)[pri:0, instance:com.docker.tests.GoogleTest@3c5a99da]" name="setUp" is-config="true" duration-ms="2176" started-at="2019-05-22T11:35:50Z" finished-at="2019-05-22T11:35:52Z">
          <params>
            <param index="0">
              <value>
                <![CDATA[org.testng.TestRunner@4efc180e]]>
              </value>
            </param>
          </params>
          <reporter-output>
          </reporter-output>
        </test-method> <!-- setUp -->
        <test-method status="PASS" signature="googleTest2()[pri:0, instance:com.docker.tests.GoogleTest@3c5a99da]" name="googleTest2" duration-ms="2977" started-at="2019-05-22T11:35:52Z" finished-at="2019-05-22T11:35:55Z">
          <reporter-output>
          </reporter-output>
        </test-method> <!-- googleTest2 -->
        <test-method status="PASS" signature="setUp(org.testng.ITestContext)[pri:0, instance:com.docker.tests.GoogleTest@3c5a99da]" name="setUp" is-config="true" duration-ms="2237" started-at="2019-05-22T11:35:55Z" finished-at="2019-05-22T11:35:57Z">
          <params>
            <param index="0">
              <value>
                <![CDATA[org.testng.TestRunner@4efc180e]]>
              </value>
            </param>
          </params>
          <reporter-output>
          </reporter-output>
        </test-method> <!-- setUp -->
        <test-method status="PASS" signature="googleTest3()[pri:0, instance:com.docker.tests.GoogleTest@3c5a99da]" name="googleTest3" duration-ms="4059" started-at="2019-05-22T11:35:57Z" finished-at="2019-05-22T11:36:01Z">
          <reporter-output>
          </reporter-output>
        </test-method> <!-- googleTest3 -->
        <test-method status="PASS" signature="setUp(org.testng.ITestContext)[pri:0, instance:com.docker.tests.GoogleTest@3c5a99da]" name="setUp" is-config="true" duration-ms="2706" started-at="2019-05-22T11:36:01Z" finished-at="2019-05-22T11:36:04Z">
          <params>
            <param index="0">
              <value>
                <![CDATA[org.testng.TestRunner@4efc180e]]>
              </value>
            </param>
          </params>
          <reporter-output>
          </reporter-output>
        </test-method> <!-- setUp -->
        <test-method status="PASS" signature="googleTest4()[pri:0, instance:com.docker.tests.GoogleTest@3c5a99da]" name="googleTest4" duration-ms="2448" started-at="2019-05-22T11:36:04Z" finished-at="2019-05-22T11:36:07Z">
          <reporter-output>
          </reporter-output>
        </test-method> <!-- googleTest4 -->
        <test-method status="PASS" signature="setUp(org.testng.ITestContext)[pri:0, instance:com.docker.tests.GoogleTest@3c5a99da]" name="setUp" is-config="true" duration-ms="1883" started-at="2019-05-22T11:36:07Z" finished-at="2019-05-22T11:36:09Z">
          <params>
            <param index="0">
              <value>
                <![CDATA[org.testng.TestRunner@4efc180e]]>
              </value>
            </param>
          </params>
          <reporter-output>
          </reporter-output>
        </test-method> <!-- setUp -->
        <test-method status="PASS" signature="googleTest5()[pri:0, instance:com.docker.tests.GoogleTest@3c5a99da]" name="googleTest5" duration-ms="2551" started-at="2019-05-22T11:36:09Z" finished-at="2019-05-22T11:36:11Z">
          <reporter-output>
          </reporter-output>
        </test-method> <!-- googleTest5 -->
      </class> <!-- com.docker.tests.GoogleTest -->
    </test> <!-- GoogleTests -->
  </suite> <!-- Suite -->
</testng-results>
